Removed Pin From Net: NetName=NetBT1_1 Pin=J41-52
Removed Pin From Net: NetName=NetJ41_16 Pin=R17-2
Removed Pin From Net: NetName=NetJ41_24 Pin=U5-16
Removed Pin From Net: NetName=NetJ41_50 Pin=U16--1
Removed Pin From Net: NetName=NetJ41_48 Pin=U16--2
Removed Pin From Net: NetName=NetJ41_46 Pin=U16--3
Removed Pin From Net: NetName=NetJ41_44 Pin=U16--4
Removed Pin From Net: NetName=NetJ41_42 Pin=U16--5
Removed Pin From Net: NetName=NetJ41_40 Pin=U16--7
Removed Pin From Net: NetName=NetJ41_38 Pin=U16--8
Removed Pin From Net: NetName=NetJ41_36 Pin=U16--11
Removed Pin From Net: NetName=NetJ41_34 Pin=U16--12
Removed Pin From Net: NetName=NetJ41_32 Pin=U16--13
Removed Pin From Net: NetName=NetJ41_30 Pin=U16--28
Removed Pin From Net: NetName=NetJ41_24 Pin=U16--32
Removed Pin From Net: NetName=NetJ41_22 Pin=U16--33
Removed Pin From Net: NetName=NetJ41_20 Pin=U16--34
Removed Pin From Net: NetName=NetJ41_18 Pin=U16--35
Removed Pin From Net: NetName=NetJ41_16 Pin=U16--40
Removed Pin From Net: NetName=NetJ41_14 Pin=U16--41
Removed Pin From Net: NetName=NetJ41_12 Pin=U16--42
Removed Pin From Net: NetName=NetJ41_10 Pin=U16--43
Removed Pin From Net: NetName=NetJ41_8 Pin=U16--44
Removed Pin From Net: NetName=NetJ41_6 Pin=U16--45
Removed Pin From Net: NetName=NetJ41_4 Pin=U16--46
Added Pin To Net: NetName=NetBT1_1 Pin=J41-2
Added Pin To Net: NetName=NetJ41_38 Pin=R17-2
Added Pin To Net: NetName=NetJ41_30 Pin=U5-16
Added Pin To Net: NetName=NetJ41_4 Pin=U16--1
Added Pin To Net: NetName=NetJ41_6 Pin=U16--2
Added Pin To Net: NetName=NetJ41_8 Pin=U16--3
Added Pin To Net: NetName=NetJ41_10 Pin=U16--4
Added Pin To Net: NetName=NetJ41_12 Pin=U16--5
Added Pin To Net: NetName=NetJ41_14 Pin=U16--7
Added Pin To Net: NetName=NetJ41_16 Pin=U16--8
Added Pin To Net: NetName=NetJ41_18 Pin=U16--11
Added Pin To Net: NetName=NetJ41_20 Pin=U16--12
Added Pin To Net: NetName=NetJ41_22 Pin=U16--13
Added Pin To Net: NetName=NetJ41_24 Pin=U16--28
Added Pin To Net: NetName=NetJ41_30 Pin=U16--32
Added Pin To Net: NetName=NetJ41_32 Pin=U16--33
Added Pin To Net: NetName=NetJ41_34 Pin=U16--34
Added Pin To Net: NetName=NetJ41_36 Pin=U16--35
Added Pin To Net: NetName=NetJ41_38 Pin=U16--40
Added Pin To Net: NetName=NetJ41_40 Pin=U16--41
Added Pin To Net: NetName=NetJ41_42 Pin=U16--42
Added Pin To Net: NetName=NetJ41_44 Pin=U16--43
Added Pin To Net: NetName=NetJ41_46 Pin=U16--44
Added Pin To Net: NetName=NetJ41_48 Pin=U16--45
Added Pin To Net: NetName=NetJ41_50 Pin=U16--46
Added Pin To Net: NetName=NetJ41_52 Pin=J41-52
Added Pin To Net: NetName=NetJ41_52 Pin=U16--47
Added Net: Name=NetJ41_52
