Change Component DesignItemId : Designator=C29 Old DesignItemId=C_10UF New DesignItemId=C+_10UF_B
Change Component DesignItemId : Designator=C30 Old DesignItemId=C_10UF New DesignItemId=C+_10UF_B
Change Component Footprint: Designator=C29 Old Footprint=C_0603 New Footprint=AVX_B_3528-21
Change Component Footprint: Designator=C30 Old Footprint=C_0603 New Footprint=AVX_B_3528-21
Change Component Comment : Designator=C29 Old Comment=C_10UF New Comment=C+_10UF_B
Change Component Comment : Designator=C30 Old Comment=C_10UF New Comment=C+_10UF_B
Added Component: Designator=J40(2X27X2.54MM)
Added Component: Designator=J41(2X27X2.54MM)
Added Pin To Net: NetName=3V3 Pin=J40-1
Added Pin To Net: NetName=3V3 Pin=J40-2
Added Pin To Net: NetName=GND Pin=J40-3
Added Pin To Net: NetName=GND Pin=J40-4
Added Pin To Net: NetName=NetBT1_1 Pin=J40-5
Added Pin To Net: NetName=NetJ40_6 Pin=J40-6
Added Pin To Net: NetName=NetJ12_1 Pin=J40-7
Added Pin To Net: NetName=NetJ11_1 Pin=J40-8
Added Pin To Net: NetName=NetJ40_9 Pin=J40-9
Added Pin To Net: NetName=NetJ40_10 Pin=J40-10
Added Pin To Net: NetName=NetJ40_11 Pin=J40-11
Added Pin To Net: NetName=NetJ40_12 Pin=J40-12
Added Pin To Net: NetName=GND Pin=J40-13
Added Pin To Net: NetName=NetJ40_14 Pin=J40-14
Added Pin To Net: NetName=NetJ40_15 Pin=J40-15
Added Pin To Net: NetName=NetJ40_16 Pin=J40-16
Added Pin To Net: NetName=NetJ40_17 Pin=J40-17
Added Pin To Net: NetName=NetJ40_18 Pin=J40-18
Added Pin To Net: NetName=NetJ40_19 Pin=J40-19
Added Pin To Net: NetName=NetJ40_20 Pin=J40-20
Added Pin To Net: NetName=NetJ40_21 Pin=J40-21
Added Pin To Net: NetName=NetJ40_22 Pin=J40-22
Added Pin To Net: NetName=NetJ40_23 Pin=J40-23
Added Pin To Net: NetName=NetJ40_24 Pin=J40-24
Added Pin To Net: NetName=NetJ40_25 Pin=J40-25
Added Pin To Net: NetName=NetJ40_26 Pin=J40-26
Added Pin To Net: NetName=NetJ40_27 Pin=J40-27
Added Pin To Net: NetName=NetJ40_28 Pin=J40-28
Added Pin To Net: NetName=NetJ40_29 Pin=J40-29
Added Pin To Net: NetName=NetJ40_30 Pin=J40-30
Added Pin To Net: NetName=NetJ40_31 Pin=J40-31
Added Pin To Net: NetName=NetJ40_32 Pin=J40-32
Added Pin To Net: NetName=NetJ40_33 Pin=J40-33
Added Pin To Net: NetName=NetJ40_34 Pin=J40-34
Added Pin To Net: NetName=NetJ40_35 Pin=J40-35
Added Pin To Net: NetName=NetJ40_36 Pin=J40-36
Added Pin To Net: NetName=NetJ40_37 Pin=J40-37
Added Pin To Net: NetName=NetJ40_38 Pin=J40-38
Added Pin To Net: NetName=NetJ40_39 Pin=J40-39
Added Pin To Net: NetName=NetJ40_40 Pin=J40-40
Added Pin To Net: NetName=NetJ40_41 Pin=J40-41
Added Pin To Net: NetName=NetJ40_42 Pin=J40-42
Added Pin To Net: NetName=NetJ40_43 Pin=J40-43
Added Pin To Net: NetName=NetJ40_44 Pin=J40-44
Added Pin To Net: NetName=NetJ40_45 Pin=J40-45
Added Pin To Net: NetName=NetJ40_46 Pin=J40-46
Added Pin To Net: NetName=GND Pin=J40-47
Added Pin To Net: NetName=GND Pin=J40-48
Added Pin To Net: NetName=NetJ40_49 Pin=J40-49
Added Pin To Net: NetName=NetJ40_50 Pin=J40-50
Added Pin To Net: NetName=NetJ40_51 Pin=J40-51
Added Pin To Net: NetName=NetJ40_52 Pin=J40-52
Added Pin To Net: NetName=NetJ40_53 Pin=J40-53
Added Pin To Net: NetName=NetJ40_54 Pin=J40-54
Added Pin To Net: NetName=NetJ4_3 Pin=J41-1
Added Pin To Net: NetName=NetJ4_5 Pin=J41-2
Added Pin To Net: NetName=NetJ4_7 Pin=J41-3
Added Pin To Net: NetName=NetJ4_9 Pin=J41-4
Added Pin To Net: NetName=NetJ4_13 Pin=J41-5
Added Pin To Net: NetName=NetC23_2 Pin=J41-6
Added Pin To Net: NetName=NetJ41_7 Pin=J41-7
Added Pin To Net: NetName=NetJ41_8 Pin=J41-8
Added Pin To Net: NetName=NetJ41_9 Pin=J41-9
Added Pin To Net: NetName=NetJ41_10 Pin=J41-10
Added Pin To Net: NetName=NetJ41_11 Pin=J41-11
Added Pin To Net: NetName=NetJ41_12 Pin=J41-12
Added Pin To Net: NetName=NetJ41_13 Pin=J41-13
Added Pin To Net: NetName=NetJ41_14 Pin=J41-14
Added Pin To Net: NetName=NetJ41_15 Pin=J41-15
Added Pin To Net: NetName=NetJ41_16 Pin=J41-16
Added Pin To Net: NetName=NetJ41_17 Pin=J41-17
Added Pin To Net: NetName=NetJ41_18 Pin=J41-18
Added Pin To Net: NetName=NetJ41_19 Pin=J41-19
Added Pin To Net: NetName=NetJ41_20 Pin=J41-20
Added Pin To Net: NetName=NetJ41_21 Pin=J41-21
Added Pin To Net: NetName=NetJ41_22 Pin=J41-22
Added Pin To Net: NetName=NetJ41_23 Pin=J41-23
Added Pin To Net: NetName=NetJ41_24 Pin=J41-24
Added Pin To Net: NetName=GND Pin=J41-25
Added Pin To Net: NetName=GND Pin=J41-26
Added Pin To Net: NetName=NetJ41_27 Pin=J41-27
Added Pin To Net: NetName=NetJ41_28 Pin=J41-28
Added Pin To Net: NetName=NetJ41_29 Pin=J41-29
Added Pin To Net: NetName=NetJ41_30 Pin=J41-30
Added Pin To Net: NetName=NetJ41_31 Pin=J41-31
Added Pin To Net: NetName=NetJ41_32 Pin=J41-32
Added Pin To Net: NetName=NetJ41_33 Pin=J41-33
Added Pin To Net: NetName=NetJ41_34 Pin=J41-34
Added Pin To Net: NetName=NetJ41_35 Pin=J41-35
Added Pin To Net: NetName=NetJ41_36 Pin=J41-36
Added Pin To Net: NetName=NetJ41_37 Pin=J41-37
Added Pin To Net: NetName=NetJ41_38 Pin=J41-38
Added Pin To Net: NetName=NetJ41_39 Pin=J41-39
Added Pin To Net: NetName=NetJ41_40 Pin=J41-40
Added Pin To Net: NetName=NetJ41_41 Pin=J41-41
Added Pin To Net: NetName=NetJ41_42 Pin=J41-42
Added Pin To Net: NetName=NetJ41_43 Pin=J41-43
Added Pin To Net: NetName=NetJ41_44 Pin=J41-44
Added Pin To Net: NetName=NetJ41_45 Pin=J41-45
Added Pin To Net: NetName=NetJ41_46 Pin=J41-46
Added Pin To Net: NetName=NetJ41_47 Pin=J41-47
Added Pin To Net: NetName=NetJ41_48 Pin=J41-48
Added Pin To Net: NetName=NetJ41_49 Pin=J41-49
Added Pin To Net: NetName=NetJ41_50 Pin=J41-50
Added Pin To Net: NetName=NetJ41_51 Pin=J41-51
Added Pin To Net: NetName=NetJ41_52 Pin=J41-52
Added Pin To Net: NetName=GND Pin=J41-53
Added Pin To Net: NetName=GND Pin=J41-54
Added Member To Class: ClassName=Sheet1 Member=Component J40 2X27PIN_DIP
Added Member To Class: ClassName=Sheet1 Member=Component J41 2X27PIN_DIP
