Removed Pin From Net: NetName=NetBT1_1 Pin=J40-5
Removed Pin From Net: NetName=NetJ40_6 Pin=J40-6
Removed Pin From Net: NetName=NetJ12_1 Pin=J40-7
Removed Pin From Net: NetName=NetJ11_1 Pin=J40-8
Removed Pin From Net: NetName=NetJ4_3 Pin=J41-1
Removed Pin From Net: NetName=NetJ4_5 Pin=J41-2
Removed Pin From Net: NetName=NetJ4_7 Pin=J41-3
Removed Pin From Net: NetName=NetJ4_9 Pin=J41-4
Removed Pin From Net: NetName=NetJ4_13 Pin=J41-5
Removed Pin From Net: NetName=NetC23_2 Pin=J41-6
Removed Pin From Net: NetName=NetJ41_43 Pin=JP7-2
Removed Pin From Net: NetName=NetJ41_41 Pin=JP7-3
Removed Pin From Net: NetName=NetJ41_44 Pin=JP7-4
Removed Pin From Net: NetName=NetJ41_39 Pin=JP7-5
Removed Pin From Net: NetName=NetJ41_42 Pin=JP7-6
Removed Pin From Net: NetName=NetJ41_37 Pin=JP7-7
Removed Pin From Net: NetName=NetJ41_40 Pin=JP7-8
Removed Pin From Net: NetName=NetJ41_35 Pin=JP7-9
Removed Pin From Net: NetName=NetJ41_38 Pin=JP7-10
Removed Pin From Net: NetName=NetJ41_33 Pin=JP7-11
Removed Pin From Net: NetName=NetJ41_36 Pin=JP7-12
Removed Pin From Net: NetName=NetJ41_34 Pin=JP7-14
Removed Pin From Net: NetName=NetJ41_31 Pin=JP7-16
Removed Pin From Net: NetName=NetJ41_32 Pin=JP7-17
Removed Pin From Net: NetName=NetJ41_30 Pin=JP7-18
Removed Pin From Net: NetName=NetJ41_29 Pin=JP7-20
Removed Pin From Net: NetName=NetJ40_9 Pin=R17-2
Removed Pin From Net: NetName=NetJ41_7 Pin=R70-2
Removed Pin From Net: NetName=NetJ41_8 Pin=U5-16
Removed Pin From Net: NetName=NetJ41_51 Pin=U6-4
Removed Pin From Net: NetName=NetJ40_51 Pin=U6-8
Removed Pin From Net: NetName=NetJ40_54 Pin=U6-9
Removed Pin From Net: NetName=NetJ40_53 Pin=U6-10
Removed Pin From Net: NetName=NetJ40_52 Pin=U6-11
Removed Pin From Net: NetName=NetJ40_50 Pin=U6-12
Removed Pin From Net: NetName=NetJ40_49 Pin=U6-13
Removed Pin From Net: NetName=NetJ41_46 Pin=U16-1
Removed Pin From Net: NetName=NetJ41_45 Pin=U16-2
Removed Pin From Net: NetName=NetJ40_35 Pin=U16-4
Removed Pin From Net: NetName=NetJ40_36 Pin=U16-5
Removed Pin From Net: NetName=NetJ41_49 Pin=U16-7
Removed Pin From Net: NetName=NetJ40_10 Pin=U16-8
Removed Pin From Net: NetName=NetJ40_17 Pin=U16-11
Removed Pin From Net: NetName=NetJ40_20 Pin=U16-12
Removed Pin From Net: NetName=NetJ40_46 Pin=U16-13
Removed Pin From Net: NetName=NetJ40_18 Pin=U16-28
Removed Pin From Net: NetName=NetJ41_8 Pin=U16-32
Removed Pin From Net: NetName=NetJ41_20 Pin=U16-33
Removed Pin From Net: NetName=NetJ41_14 Pin=U16-34
Removed Pin From Net: NetName=NetJ41_50 Pin=U16-35
Removed Pin From Net: NetName=NetJ40_9 Pin=U16-40
Removed Pin From Net: NetName=NetJ41_19 Pin=U16-41
Removed Pin From Net: NetName=NetJ41_18 Pin=U16-42
Removed Pin From Net: NetName=NetJ40_43 Pin=U16-43
Removed Pin From Net: NetName=NetJ40_44 Pin=U16-44
Removed Pin From Net: NetName=NetJ40_12 Pin=U16-45
Removed Pin From Net: NetName=NetJ40_11 Pin=U16-46
Removed Pin From Net: NetName=NetJ40_24 Pin=U16-47
Removed Pin From Net: NetName=NetJ41_32 Pin=U16-50
Removed Pin From Net: NetName=NetJ40_45 Pin=U16-51
Removed Pin From Net: NetName=NetJ41_35 Pin=U16-52
Removed Pin From Net: NetName=NetJ41_17 Pin=U16-53
Removed Pin From Net: NetName=NetJ41_15 Pin=U16-54
Removed Pin From Net: NetName=NetJ41_16 Pin=U16-55
Removed Pin From Net: NetName=NetJ40_42 Pin=U16-56
Removed Pin From Net: NetName=NetJ40_37 Pin=U16-57
Removed Pin From Net: NetName=NetJ41_7 Pin=U16-58
Removed Pin From Net: NetName=NetJ41_47 Pin=U16-79
Removed Pin From Net: NetName=NetJ40_41 Pin=U16-85
Removed Pin From Net: NetName=NetJ41_43 Pin=U16-86
Removed Pin From Net: NetName=NetJ41_44 Pin=U16-87
Removed Pin From Net: NetName=NetJ41_42 Pin=U16-88
Removed Pin From Net: NetName=NetJ41_40 Pin=U16-89
Removed Pin From Net: NetName=NetJ41_12 Pin=U16-92
Removed Pin From Net: NetName=NetJ41_27 Pin=U16-94
Removed Pin From Net: NetName=NetJ41_9 Pin=U16-99
Removed Pin From Net: NetName=NetJ41_39 Pin=U16-106
Removed Pin From Net: NetName=NetJ41_41 Pin=U16-107
Removed Pin From Net: NetName=NetJ41_13 Pin=U16-115
Removed Pin From Net: NetName=NetJ40_53 Pin=U16-117
Removed Pin From Net: NetName=NetJ40_54 Pin=U16-118
Removed Pin From Net: NetName=NetJ41_37 Pin=U16-119
Removed Pin From Net: NetName=NetJ40_39 Pin=U16-122
Removed Pin From Net: NetName=NetJ40_33 Pin=U16-128
Removed Pin From Net: NetName=NetJ41_38 Pin=U16-129
Removed Pin From Net: NetName=NetJ40_31 Pin=U16-130
Removed Pin From Net: NetName=NetJ41_22 Pin=U16-132
Removed Pin From Net: NetName=NetJ40_30 Pin=U16-133
Removed Pin From Net: NetName=NetJ41_11 Pin=U16-134
Removed Pin From Net: NetName=NetJ40_49 Pin=U16-139
Removed Pin From Net: NetName=NetJ40_50 Pin=U16-140
Removed Pin From Net: NetName=NetJ40_52 Pin=U16-141
Removed Pin From Net: NetName=NetJ40_51 Pin=U16-144
Removed Pin From Net: NetName=NetJ41_36 Pin=U16-145
Removed Pin From Net: NetName=NetJ40_15 Pin=U16-146
Removed Pin From Net: NetName=NetJ41_10 Pin=U16-147
Removed Pin From Net: NetName=NetJ40_25 Pin=U16-150
Removed Pin From Net: NetName=NetJ41_51 Pin=U16-152
Removed Pin From Net: NetName=NetJ40_34 Pin=U16-153
Removed Pin From Net: NetName=NetJ40_26 Pin=U16-154
Removed Pin From Net: NetName=NetJ40_28 Pin=U16-155
Removed Pin From Net: NetName=NetJ41_24 Pin=U16-156
Removed Pin From Net: NetName=NetJ41_48 Pin=U16-163
Removed Pin From Net: NetName=NetJ41_30 Pin=U16-164
Removed Pin From Net: NetName=NetJ41_29 Pin=U16-165
Removed Pin From Net: NetName=NetJ40_21 Pin=U16-167
Removed Pin From Net: NetName=NetJ40_22 Pin=U16-168
Removed Pin From Net: NetName=NetJ40_23 Pin=U16-173
Removed Pin From Net: NetName=NetJ41_33 Pin=U16-174
Removed Pin From Net: NetName=NetJ41_34 Pin=U16-175
Removed Pin From Net: NetName=NetJ41_31 Pin=U16-176
Change Component Designator: OldDesignator=U16 NewDesignator=U16-
Added Pin To Net: NetName=NetJ4_5 Pin=J40-14
Added Pin To Net: NetName=NetJ4_9 Pin=J40-16
Added Pin To Net: NetName=NetJ40_6 Pin=J40-19
Added Pin To Net: NetName=NetJ4_3 Pin=J40-27
Added Pin To Net: NetName=NetJ4_13 Pin=J40-29
Added Pin To Net: NetName=NetJ4_7 Pin=J40-32
Added Pin To Net: NetName=NetJ11_1 Pin=J40-38
Added Pin To Net: NetName=NetJ12_1 Pin=J40-40
Added Pin To Net: NetName=NetC23_2 Pin=J41-28
Added Pin To Net: NetName=NetBT1_1 Pin=J41-52
Added Pin To Net: NetName=NetJ41_27 Pin=JP7-2
Added Pin To Net: NetName=NetJ41_49 Pin=JP7-3
Added Pin To Net: NetName=NetJ41_29 Pin=JP7-4
Added Pin To Net: NetName=NetJ41_47 Pin=JP7-5
Added Pin To Net: NetName=NetJ41_31 Pin=JP7-6
Added Pin To Net: NetName=NetJ40_42 Pin=JP7-7
Added Pin To Net: NetName=NetJ41_33 Pin=JP7-8
Added Pin To Net: NetName=NetJ40_28 Pin=JP7-10
Added Pin To Net: NetName=NetJ40_9 Pin=JP7-11
Added Pin To Net: NetName=NetJ40_53 Pin=JP7-12
Added Pin To Net: NetName=NetJ40_23 Pin=JP7-18
Added Pin To Net: NetName=NetJ40_21 Pin=JP7-20
Added Pin To Net: NetName=NetJ41_16 Pin=R17-2
Added Pin To Net: NetName=NetJ41_17 Pin=R70-2
Added Pin To Net: NetName=NetJ41_24 Pin=U5-16
Added Pin To Net: NetName=NetJ40_41 Pin=U6-4
Added Pin To Net: NetName=NetJ40_44 Pin=U6-9
Added Pin To Net: NetName=NetJ40_46 Pin=U6-10
Added Pin To Net: NetName=NetJ40_10 Pin=U6-12
Added Pin To Net: NetName=NetJ40_12 Pin=U6-13
Added Pin To Net: NetName=NetJ41_50 Pin=U16--1
Added Pin To Net: NetName=NetJ41_48 Pin=U16--2
Added Pin To Net: NetName=NetJ41_46 Pin=U16--3
Added Pin To Net: NetName=NetJ41_44 Pin=U16--4
Added Pin To Net: NetName=NetJ41_42 Pin=U16--5
Added Pin To Net: NetName=NetJ41_40 Pin=U16--7
Added Pin To Net: NetName=NetJ41_38 Pin=U16--8
Added Pin To Net: NetName=NetJ41_36 Pin=U16--11
Added Pin To Net: NetName=NetJ41_34 Pin=U16--12
Added Pin To Net: NetName=NetJ41_32 Pin=U16--13
Added Pin To Net: NetName=NetJ41_30 Pin=U16--28
Added Pin To Net: NetName=NetJ41_24 Pin=U16--32
Added Pin To Net: NetName=NetJ41_22 Pin=U16--33
Added Pin To Net: NetName=NetJ41_20 Pin=U16--34
Added Pin To Net: NetName=NetJ41_18 Pin=U16--35
Added Pin To Net: NetName=NetJ41_16 Pin=U16--40
Added Pin To Net: NetName=NetJ41_14 Pin=U16--41
Added Pin To Net: NetName=NetJ41_12 Pin=U16--42
Added Pin To Net: NetName=NetJ41_10 Pin=U16--43
Added Pin To Net: NetName=NetJ41_8 Pin=U16--44
Added Pin To Net: NetName=NetJ41_7 Pin=U16--53
Added Pin To Net: NetName=NetJ41_9 Pin=U16--54
Added Pin To Net: NetName=NetJ41_11 Pin=U16--55
Added Pin To Net: NetName=NetJ41_13 Pin=U16--56
Added Pin To Net: NetName=NetJ41_15 Pin=U16--57
Added Pin To Net: NetName=NetJ41_17 Pin=U16--58
Added Pin To Net: NetName=NetJ41_19 Pin=U16--79
Added Pin To Net: NetName=NetJ41_27 Pin=U16--86
Added Pin To Net: NetName=NetJ41_29 Pin=U16--87
Added Pin To Net: NetName=NetJ41_31 Pin=U16--88
Added Pin To Net: NetName=NetJ41_33 Pin=U16--89
Added Pin To Net: NetName=NetJ41_35 Pin=U16--92
Added Pin To Net: NetName=NetJ41_37 Pin=U16--93
Added Pin To Net: NetName=NetJ41_39 Pin=U16--94
Added Pin To Net: NetName=NetJ41_41 Pin=U16--95
Added Pin To Net: NetName=NetJ41_43 Pin=U16--99
Added Pin To Net: NetName=NetJ41_45 Pin=U16--101
Added Pin To Net: NetName=NetJ41_47 Pin=U16--106
Added Pin To Net: NetName=NetJ41_49 Pin=U16--107
Added Pin To Net: NetName=NetJ41_51 Pin=U16--110
Added Pin To Net: NetName=NetJ40_54 Pin=U16--111
Added Pin To Net: NetName=NetJ40_52 Pin=U16--115
Added Pin To Net: NetName=NetJ40_50 Pin=U16--116
Added Pin To Net: NetName=NetJ40_46 Pin=U16--117
Added Pin To Net: NetName=NetJ40_44 Pin=U16--118
Added Pin To Net: NetName=NetJ40_42 Pin=U16--119
Added Pin To Net: NetName=NetJ40_36 Pin=U16--122
Added Pin To Net: NetName=NetJ40_34 Pin=U16--123
Added Pin To Net: NetName=NetJ40_30 Pin=U16--128
Added Pin To Net: NetName=NetJ40_28 Pin=U16--129
Added Pin To Net: NetName=NetJ40_26 Pin=U16--130
Added Pin To Net: NetName=NetJ40_24 Pin=U16--131
Added Pin To Net: NetName=NetJ40_22 Pin=U16--132
Added Pin To Net: NetName=NetJ40_20 Pin=U16--133
Added Pin To Net: NetName=NetJ40_18 Pin=U16--134
Added Pin To Net: NetName=NetJ40_12 Pin=U16--139
Added Pin To Net: NetName=NetJ40_10 Pin=U16--140
Added Pin To Net: NetName=NetJ40_53 Pin=U16--145
Added Pin To Net: NetName=NetJ40_51 Pin=U16--146
Added Pin To Net: NetName=NetJ40_49 Pin=U16--147
Added Pin To Net: NetName=NetJ40_45 Pin=U16--150
Added Pin To Net: NetName=NetJ40_43 Pin=U16--151
Added Pin To Net: NetName=NetJ40_41 Pin=U16--152
Added Pin To Net: NetName=NetJ40_39 Pin=U16--153
Added Pin To Net: NetName=NetJ40_37 Pin=U16--154
Added Pin To Net: NetName=NetJ40_35 Pin=U16--155
Added Pin To Net: NetName=NetJ40_33 Pin=U16--156
Added Pin To Net: NetName=NetJ40_31 Pin=U16--157
Added Pin To Net: NetName=NetJ40_25 Pin=U16--163
Added Pin To Net: NetName=NetJ40_23 Pin=U16--164
Added Pin To Net: NetName=NetJ40_21 Pin=U16--165
Added Pin To Net: NetName=NetJ40_17 Pin=U16--167
Added Pin To Net: NetName=NetJ40_15 Pin=U16--168
Added Pin To Net: NetName=NetJ40_11 Pin=U16--173
Added Pin To Net: NetName=NetJ40_9 Pin=U16--174
Change Net Name : Old Net Name=NetJ40_6 New Net Name=NetJ40_19
Added Pin To Net: NetName=NetJ40_5 Pin=J40-5
Added Pin To Net: NetName=NetJ40_5 Pin=JP7-16
Added Pin To Net: NetName=NetJ40_5 Pin=U16--176
Added Net: Name=NetJ40_5
Added Pin To Net: NetName=NetJ40_6 Pin=J40-6
Added Pin To Net: NetName=NetJ40_6 Pin=U6-8
Added Pin To Net: NetName=NetJ40_6 Pin=U16--144
Added Net: Name=NetJ40_6
Added Pin To Net: NetName=NetJ40_7 Pin=J40-7
Added Pin To Net: NetName=NetJ40_7 Pin=JP7-14
Added Pin To Net: NetName=NetJ40_7 Pin=U16--175
Added Net: Name=NetJ40_7
Added Pin To Net: NetName=NetJ40_8 Pin=J40-8
Added Pin To Net: NetName=NetJ40_8 Pin=U6-11
Added Pin To Net: NetName=NetJ40_8 Pin=U16--141
Added Net: Name=NetJ40_8
Added Pin To Net: NetName=NetJ41_1 Pin=J41-1
Added Pin To Net: NetName=NetJ41_1 Pin=JP7-17
Added Pin To Net: NetName=NetJ41_1 Pin=U16--50
Added Net: Name=NetJ41_1
Added Pin To Net: NetName=NetJ41_2 Pin=J41-2
Added Pin To Net: NetName=NetJ41_2 Pin=U16--47
Added Net: Name=NetJ41_2
Added Pin To Net: NetName=NetJ41_3 Pin=J41-3
Added Pin To Net: NetName=NetJ41_3 Pin=U16--51
Added Net: Name=NetJ41_3
Added Pin To Net: NetName=NetJ41_4 Pin=J41-4
Added Pin To Net: NetName=NetJ41_4 Pin=U16--46
Added Net: Name=NetJ41_4
Added Pin To Net: NetName=NetJ41_5 Pin=J41-5
Added Pin To Net: NetName=NetJ41_5 Pin=JP7-9
Added Pin To Net: NetName=NetJ41_5 Pin=U16--52
Added Net: Name=NetJ41_5
Added Pin To Net: NetName=NetJ41_6 Pin=J41-6
Added Pin To Net: NetName=NetJ41_6 Pin=U16--45
Added Net: Name=NetJ41_6
Added Pin To Net: NetName=NetU16-_85 Pin=U16--85
Added Net: Name=NetU16-_85
Added Room: Name=Sheet1
